e:\yang\iot_competition\facerecognition-master\facerecognition\x64\debug\vc140.pdb
e:\yang\iot_competition\facerecognition-master\facerecognition\x64\debug\vc140.idb
e:\yang\iot_competition\facerecognition-master\facerecognition\x64\debug\main.obj
e:\yang\iot_competition\facerecognition-master\facerecognition\x64\debug\imagewidget.obj
e:\yang\iot_competition\facerecognition-master\facerecognition\x64\debug\moc_imagewidget.obj
e:\yang\iot_competition\facerecognition-master\facerecognition\x64\debug\moc_facerecognition.obj
e:\yang\iot_competition\facerecognition-master\facerecognition\x64\debug\facerecognitionfun.obj
e:\yang\iot_competition\facerecognition-master\facerecognition\x64\debug\facefeature.obj
e:\yang\iot_competition\facerecognition-master\facerecognition\x64\debug\facerecognition.obj
e:\yang\iot_competition\facerecognition-master\facerecognition\x64\debug\qrc_facerecognition.obj
e:\yang\iot_competition\facerecognition-master\facerecognition\generatedfiles\debug\moc_facerecognition.cpp
e:\yang\iot_competition\facerecognition-master\facerecognition\generatedfiles\ui_facerecognition.h
e:\yang\iot_competition\facerecognition-master\facerecognition\generatedfiles\debug\moc_imagewidget.cpp
e:\yang\iot_competition\facerecognition-master\facerecognition\generatedfiles\qrc_facerecognition.cpp
e:\yang\iot_competition\facerecognition-master\facerecognition\generatedfiles\ui_imagewidget.h
e:\yang\iot_competition\facerecognition-master\x64\debug\facerecognition.ilk
e:\yang\iot_competition\facerecognition-master\x64\debug\facerecognition.exe
e:\yang\iot_competition\facerecognition-master\x64\debug\facerecognition.pdb
e:\yang\iot_competition\facerecognition-master\facerecognition\x64\debug\facerecognition.tlog\cl.command.1.tlog
e:\yang\iot_competition\facerecognition-master\facerecognition\x64\debug\facerecognition.tlog\cl.read.1.tlog
e:\yang\iot_competition\facerecognition-master\facerecognition\x64\debug\facerecognition.tlog\cl.write.1.tlog
e:\yang\iot_competition\facerecognition-master\facerecognition\x64\debug\facerecognition.tlog\custombuild.command.1.tlog
e:\yang\iot_competition\facerecognition-master\facerecognition\x64\debug\facerecognition.tlog\custombuild.read.1.tlog
e:\yang\iot_competition\facerecognition-master\facerecognition\x64\debug\facerecognition.tlog\custombuild.write.1.tlog
e:\yang\iot_competition\facerecognition-master\facerecognition\x64\debug\facerecognition.tlog\link.command.1.tlog
e:\yang\iot_competition\facerecognition-master\facerecognition\x64\debug\facerecognition.tlog\link.read.1.tlog
e:\yang\iot_competition\facerecognition-master\facerecognition\x64\debug\facerecognition.tlog\link.write.1.tlog
