e:\yang\iot_competition\facerecognition-master\facerecognition\x64\release\main.obj
e:\yang\iot_competition\facerecognition-master\facerecognition\x64\release\imagewidget.obj
e:\yang\iot_competition\facerecognition-master\facerecognition\x64\release\moc_imagewidget.obj
e:\yang\iot_competition\facerecognition-master\facerecognition\x64\release\moc_facerecognition.obj
e:\yang\iot_competition\facerecognition-master\facerecognition\x64\release\facerecognitionfun.obj
e:\yang\iot_competition\facerecognition-master\facerecognition\x64\release\facefeature.obj
e:\yang\iot_competition\facerecognition-master\facerecognition\x64\release\facerecognition.obj
e:\yang\iot_competition\facerecognition-master\facerecognition\x64\release\qrc_facerecognition.obj
e:\yang\iot_competition\facerecognition-master\facerecognition\generatedfiles\release\moc_facerecognition.cpp
e:\yang\iot_competition\facerecognition-master\facerecognition\generatedfiles\ui_facerecognition.h
e:\yang\iot_competition\facerecognition-master\facerecognition\generatedfiles\release\moc_imagewidget.cpp
e:\yang\iot_competition\facerecognition-master\facerecognition\generatedfiles\qrc_facerecognition.cpp
e:\yang\iot_competition\facerecognition-master\facerecognition\generatedfiles\ui_imagewidget.h
e:\yang\iot_competition\facerecognition-master\x64\release\facerecognition.exe
e:\yang\iot_competition\facerecognition-master\facerecognition\x64\release\facerecognition.tlog\cl.command.1.tlog
e:\yang\iot_competition\facerecognition-master\facerecognition\x64\release\facerecognition.tlog\cl.read.1.tlog
e:\yang\iot_competition\facerecognition-master\facerecognition\x64\release\facerecognition.tlog\cl.write.1.tlog
e:\yang\iot_competition\facerecognition-master\facerecognition\x64\release\facerecognition.tlog\custombuild.command.1.tlog
e:\yang\iot_competition\facerecognition-master\facerecognition\x64\release\facerecognition.tlog\custombuild.read.1.tlog
e:\yang\iot_competition\facerecognition-master\facerecognition\x64\release\facerecognition.tlog\custombuild.write.1.tlog
e:\yang\iot_competition\facerecognition-master\facerecognition\x64\release\facerecognition.tlog\link.command.1.tlog
e:\yang\iot_competition\facerecognition-master\facerecognition\x64\release\facerecognition.tlog\link.read.1.tlog
e:\yang\iot_competition\facerecognition-master\facerecognition\x64\release\facerecognition.tlog\link.write.1.tlog
